
[2026-04-27T06:29:32.751Z] Network Error on https://localhost:7293/api/Office?PageNumber=1&PageSize=10: TypeError: Cannot convert argument to a ByteString because the character at index 716 has a value of 2336 which is greater than 255.
    at Module.fetch (D:\office\ntis-ui\.next\dev\server\chunks\ssr\node_modules_undici_0sdo5nq._.js:21877:19)
    at async serverFetch (D:\office\ntis-ui\.next\dev\server\chunks\ssr\[root-of-the-server]__0--uxy0._.js:976:21)
    at async ApiClient.request (D:\office\ntis-ui\.next\dev\server\chunks\ssr\[root-of-the-server]__0--uxy0._.js:1169:30)
    at async getOfficesPaged (D:\office\ntis-ui\.next\dev\server\chunks\ssr\[root-of-the-server]__0--uxy0._.js:1425:26)
    at async fetchOfficePagedServerAction (D:\office\ntis-ui\.next\dev\server\chunks\ssr\[root-of-the-server]__0--uxy0._.js:1568:24)
    at async Page (D:\office\ntis-ui\.next\dev\server\chunks\ssr\[root-of-the-server]__0g~w.ev._.js:110:20)
[2026-04-27T06:29:33.271Z] Network Error on https://localhost:7293/api/Office?PageNumber=1&PageSize=10: TypeError: Cannot convert argument to a ByteString because the character at index 716 has a value of 2336 which is greater than 255.
    at Module.fetch (D:\office\ntis-ui\.next\dev\server\chunks\ssr\node_modules_undici_0sdo5nq._.js:21877:19)
    at async serverFetch (D:\office\ntis-ui\.next\dev\server\chunks\ssr\[root-of-the-server]__0--uxy0._.js:976:21)
    at async ApiClient.request (D:\office\ntis-ui\.next\dev\server\chunks\ssr\[root-of-the-server]__0--uxy0._.js:1169:30)
    at async getOfficesPaged (D:\office\ntis-ui\.next\dev\server\chunks\ssr\[root-of-the-server]__0--uxy0._.js:1425:26)
    at async fetchOfficePagedServerAction (D:\office\ntis-ui\.next\dev\server\chunks\ssr\[root-of-the-server]__0--uxy0._.js:1568:24)
    at async Page (D:\office\ntis-ui\.next\dev\server\chunks\ssr\[root-of-the-server]__0g~w.ev._.js:110:20)
[2026-04-27T06:29:33.742Z] Network Error on https://localhost:7293/api/Office?PageNumber=1&PageSize=10: TypeError: Cannot convert argument to a ByteString because the character at index 716 has a value of 2336 which is greater than 255.
    at Module.fetch (D:\office\ntis-ui\.next\dev\server\chunks\ssr\node_modules_undici_0sdo5nq._.js:21877:19)
    at runNextTicks (node:internal/process/task_queues:64:5)
    at listOnTimeout (node:internal/timers:567:9)
    at process.processTimers (node:internal/timers:541:7)
    at async serverFetch (D:\office\ntis-ui\.next\dev\server\chunks\ssr\[root-of-the-server]__0--uxy0._.js:976:21)
    at async ApiClient.request (D:\office\ntis-ui\.next\dev\server\chunks\ssr\[root-of-the-server]__0--uxy0._.js:1169:30)
    at async getOfficesPaged (D:\office\ntis-ui\.next\dev\server\chunks\ssr\[root-of-the-server]__0--uxy0._.js:1425:26)
    at async fetchOfficePagedServerAction (D:\office\ntis-ui\.next\dev\server\chunks\ssr\[root-of-the-server]__0--uxy0._.js:1568:24)
    at async Page (D:\office\ntis-ui\.next\dev\server\chunks\ssr\[root-of-the-server]__0g~w.ev._.js:110:20)
[2026-04-27T06:29:33.783Z] Network Error on https://localhost:7293/api/Office?PageNumber=1&PageSize=10: TypeError: Cannot convert argument to a ByteString because the character at index 716 has a value of 2336 which is greater than 255.
    at Module.fetch (D:\office\ntis-ui\.next\dev\server\chunks\ssr\node_modules_undici_0sdo5nq._.js:21877:19)
    at async serverFetch (D:\office\ntis-ui\.next\dev\server\chunks\ssr\[root-of-the-server]__0--uxy0._.js:976:21)
    at async ApiClient.request (D:\office\ntis-ui\.next\dev\server\chunks\ssr\[root-of-the-server]__0--uxy0._.js:1169:30)
    at async getOfficesPaged (D:\office\ntis-ui\.next\dev\server\chunks\ssr\[root-of-the-server]__0--uxy0._.js:1425:26)
    at async fetchOfficePagedServerAction (D:\office\ntis-ui\.next\dev\server\chunks\ssr\[root-of-the-server]__0--uxy0._.js:1568:24)
    at async Page (D:\office\ntis-ui\.next\dev\server\chunks\ssr\[root-of-the-server]__0g~w.ev._.js:110:20)
[2026-04-27T06:29:40.820Z] Network Error on https://localhost:7293/api/Office?PageNumber=1&PageSize=10: TypeError: Cannot convert argument to a ByteString because the character at index 716 has a value of 2336 which is greater than 255.
    at Module.fetch (D:\office\ntis-ui\.next\dev\server\chunks\ssr\node_modules_undici_0sdo5nq._.js:21877:19)
    at async serverFetch (D:\office\ntis-ui\.next\dev\server\chunks\ssr\[root-of-the-server]__0--uxy0._.js:976:21)
    at async ApiClient.request (D:\office\ntis-ui\.next\dev\server\chunks\ssr\[root-of-the-server]__0--uxy0._.js:1169:30)
    at async getOfficesPaged (D:\office\ntis-ui\.next\dev\server\chunks\ssr\[root-of-the-server]__0--uxy0._.js:1425:26)
    at async fetchOfficePagedServerAction (D:\office\ntis-ui\.next\dev\server\chunks\ssr\[root-of-the-server]__0--uxy0._.js:1568:24)
    at async Page (D:\office\ntis-ui\.next\dev\server\chunks\ssr\[root-of-the-server]__0g~w.ev._.js:110:20)
[2026-04-27T06:29:43.811Z] Network Error on https://localhost:7293/api/Office?PageNumber=1&PageSize=10: TypeError: Cannot convert argument to a ByteString because the character at index 716 has a value of 2336 which is greater than 255.
    at Module.fetch (D:\office\ntis-ui\.next\dev\server\chunks\ssr\node_modules_undici_0sdo5nq._.js:21877:19)
    at async serverFetch (D:\office\ntis-ui\.next\dev\server\chunks\ssr\[root-of-the-server]__0--uxy0._.js:976:21)
    at async ApiClient.request (D:\office\ntis-ui\.next\dev\server\chunks\ssr\[root-of-the-server]__0--uxy0._.js:1169:30)
    at async getOfficesPaged (D:\office\ntis-ui\.next\dev\server\chunks\ssr\[root-of-the-server]__0--uxy0._.js:1425:26)
    at async fetchOfficePagedServerAction (D:\office\ntis-ui\.next\dev\server\chunks\ssr\[root-of-the-server]__0--uxy0._.js:1568:24)
    at async Page (D:\office\ntis-ui\.next\dev\server\chunks\ssr\[root-of-the-server]__0g~w.ev._.js:110:20)[2026-04-28T12:29:20.530Z] Requesting: GET https://localhost:7293/api/ScreenGroupMaster
[2026-04-28T12:29:20.581Z] Requesting: GET https://localhost:7293/api/ScreenMaster
[2026-04-28T12:29:21.002Z] Requesting: GET https://localhost:7293/api/ScreenGroupMaster
[2026-04-28T12:29:21.005Z] Requesting: GET https://localhost:7293/api/ScreenMaster
[2026-04-28T12:29:21.739Z] Requesting: GET https://localhost:7293/api/ScreenGroupMaster
[2026-04-28T12:29:21.740Z] Requesting: GET https://localhost:7293/api/ScreenMaster
[2026-04-28T12:29:21.764Z] Requesting: GET https://localhost:7293/api/ScreenGroupMaster
[2026-04-28T12:29:21.772Z] Requesting: GET https://localhost:7293/api/ScreenMaster
[2026-04-28T12:29:21.790Z] Requesting: GET https://localhost:7293/api/ScreenGroupMaster
[2026-04-28T12:29:21.794Z] Requesting: GET https://localhost:7293/api/ScreenMaster
[2026-04-28T12:29:22.166Z] Requesting: GET https://localhost:7293/api/ScreenGroupMaster
[2026-04-28T12:29:22.168Z] Requesting: GET https://localhost:7293/api/ScreenMaster
[2026-04-28T12:29:22.370Z] Requesting: GET https://localhost:7293/api/ScreenGroupMaster
[2026-04-28T12:29:22.371Z] Requesting: GET https://localhost:7293/api/ScreenMaster
[2026-04-28T12:29:22.560Z] Requesting: GET https://localhost:7293/api/ScreenGroupMaster
[2026-04-28T12:29:22.561Z] Requesting: GET https://localhost:7293/api/ScreenMaster
[2026-04-28T12:29:22.768Z] Requesting: GET https://localhost:7293/api/ScreenGroupMaster
[2026-04-28T12:29:22.770Z] Requesting: GET https://localhost:7293/api/ScreenMaster
[2026-04-28T12:29:22.782Z] Requesting: GET https://localhost:7293/api/ScreenGroupMaster
[2026-04-28T12:29:22.783Z] Requesting: GET https://localhost:7293/api/ScreenMaster
[2026-04-28T12:29:45.075Z] Requesting: GET https://localhost:7293/api/ScreenGroupMaster
[2026-04-28T12:29:45.129Z] Requesting: GET https://localhost:7293/api/ScreenMaster
[2026-04-28T12:29:45.504Z] Requesting: GET https://localhost:7293/api/ScreenGroupMaster
[2026-04-28T12:29:45.505Z] Requesting: GET https://localhost:7293/api/ScreenMaster
[2026-04-28T12:29:46.045Z] Requesting: GET https://localhost:7293/api/ScreenGroupMaster
[2026-04-28T12:29:46.046Z] Requesting: GET https://localhost:7293/api/ScreenMaster
[2026-04-28T12:29:46.101Z] Requesting: GET https://localhost:7293/api/ScreenGroupMaster
[2026-04-28T12:29:46.107Z] Requesting: GET https://localhost:7293/api/ScreenMaster
[2026-04-28T12:29:46.176Z] Requesting: GET https://localhost:7293/api/ScreenGroupMaster
[2026-04-28T12:29:46.178Z] Requesting: GET https://localhost:7293/api/ScreenMaster
[2026-04-28T12:29:46.310Z] Requesting: GET https://localhost:7293/api/ScreenGroupMaster
[2026-04-28T12:29:46.320Z] Requesting: GET https://localhost:7293/api/ScreenMaster
[2026-04-28T12:29:46.601Z] Requesting: GET https://localhost:7293/api/ScreenGroupMaster
[2026-04-28T12:29:46.603Z] Requesting: GET https://localhost:7293/api/ScreenMaster
[2026-04-28T12:29:46.761Z] Requesting: GET https://localhost:7293/api/ScreenGroupMaster
[2026-04-28T12:29:46.762Z] Requesting: GET https://localhost:7293/api/ScreenMaster
[2026-04-28T12:29:47.016Z] Requesting: GET https://localhost:7293/api/ScreenGroupMaster
[2026-04-28T12:29:47.017Z] Requesting: GET https://localhost:7293/api/ScreenMaster
[2026-04-28T12:29:47.027Z] Requesting: GET https://localhost:7293/api/ScreenGroupMaster
[2026-04-28T12:29:47.038Z] Requesting: GET https://localhost:7293/api/ScreenMaster
[2026-04-28T12:29:47.108Z] Requesting: GET https://localhost:7293/api/ScreenGroupMaster
[2026-04-28T12:29:47.112Z] Requesting: GET https://localhost:7293/api/ScreenMaster
[2026-04-28T12:29:59.276Z] Requesting: GET https://localhost:7293/api/ScreenGroupMaster
[2026-04-28T12:29:59.343Z] Requesting: GET https://localhost:7293/api/ScreenMaster
[2026-04-28T12:29:59.529Z] Requesting: GET https://localhost:7293/api/ScreenGroupMaster
[2026-04-28T12:29:59.530Z] Requesting: GET https://localhost:7293/api/ScreenMaster
[2026-04-28T12:29:59.848Z] Requesting: GET https://localhost:7293/api/ScreenGroupMaster
[2026-04-28T12:29:59.849Z] Requesting: GET https://localhost:7293/api/ScreenMaster
[2026-04-28T12:29:59.882Z] Requesting: GET https://localhost:7293/api/ScreenGroupMaster
[2026-04-28T12:29:59.884Z] Requesting: GET https://localhost:7293/api/ScreenMaster
[2026-04-28T12:29:59.920Z] Requesting: GET https://localhost:7293/api/ScreenGroupMaster
[2026-04-28T12:29:59.922Z] Requesting: GET https://localhost:7293/api/ScreenMaster
[2026-04-28T12:30:16.862Z] Requesting: GET https://localhost:7293/api/ScreenGroupMaster
[2026-04-28T12:30:16.918Z] Requesting: GET https://localhost:7293/api/ScreenMaster
[2026-04-28T12:30:17.360Z] Requesting: GET https://localhost:7293/api/ScreenGroupMaster
[2026-04-28T12:30:17.361Z] Requesting: GET https://localhost:7293/api/ScreenMaster
[2026-04-28T12:30:17.702Z] Requesting: GET https://localhost:7293/api/ScreenGroupMaster
[2026-04-28T12:30:17.702Z] Requesting: GET https://localhost:7293/api/ScreenMaster
[2026-04-28T12:30:17.817Z] Requesting: GET https://localhost:7293/api/ScreenGroupMaster
[2026-04-28T12:30:17.888Z] Requesting: GET https://localhost:7293/api/ScreenMaster
[2026-04-28T12:30:18.006Z] Requesting: GET https://localhost:7293/api/ScreenGroupMaster
[2026-04-28T12:30:18.010Z] Requesting: GET https://localhost:7293/api/ScreenMaster
[2026-04-28T12:30:37.919Z] Requesting: GET https://localhost:7293/api/ScreenGroupMaster
[2026-04-28T12:30:37.972Z] Requesting: GET https://localhost:7293/api/ScreenMaster
[2026-04-28T12:30:38.154Z] Requesting: GET https://localhost:7293/api/ScreenGroupMaster
[2026-04-28T12:30:38.155Z] Requesting: GET https://localhost:7293/api/ScreenMaster
[2026-04-28T12:30:38.470Z] Requesting: GET https://localhost:7293/api/ScreenGroupMaster
[2026-04-28T12:30:38.471Z] Requesting: GET https://localhost:7293/api/ScreenMaster
[2026-04-28T12:30:38.481Z] Requesting: GET https://localhost:7293/api/ScreenGroupMaster
[2026-04-28T12:30:38.482Z] Requesting: GET https://localhost:7293/api/ScreenMaster
[2026-04-28T12:30:38.491Z] Requesting: GET https://localhost:7293/api/ScreenGroupMaster
[2026-04-28T12:30:38.492Z] Requesting: GET https://localhost:7293/api/ScreenMaster
