[2026-04-28T12:28:33.241Z] Fetching screens for userId: 2
[2026-04-28T12:28:33.770Z] API Error: Not Found (Status: 404)
[2026-04-28T12:28:33.813Z] Fetching screens for userId: 2
[2026-04-28T12:28:34.029Z] API Error: Not Found (Status: 404)
[2026-04-28T12:28:34.478Z] Fetching screens for userId: 2
[2026-04-28T12:28:34.495Z] Fetching screens for userId: 2
[2026-04-28T12:28:34.532Z] API Error: Not Found (Status: 404)
[2026-04-28T12:28:34.549Z] Fetching screens for userId: 2
[2026-04-28T12:28:34.560Z] Fetching screens for userId: 2
[2026-04-28T12:28:34.586Z] API Error: Not Found (Status: 404)
[2026-04-28T12:28:34.680Z] API Error: Not Found (Status: 404)
[2026-04-28T12:28:34.720Z] API Error: Not Found (Status: 404)
[2026-04-28T12:28:34.862Z] Fetching screens for userId: 2
[2026-04-28T12:28:34.878Z] API Error: Not Found (Status: 404)
[2026-04-28T12:28:35.119Z] Fetching screens for userId: 2
[2026-04-28T12:28:35.403Z] API Error: Not Found (Status: 404)
[2026-04-28T12:28:35.599Z] Fetching screens for userId: 2
[2026-04-28T12:28:35.637Z] Fetching screens for userId: 2
[2026-04-28T12:28:35.655Z] API Error: Not Found (Status: 404)
[2026-04-28T12:28:35.675Z] API Error: Not Found (Status: 404)
[2026-04-28T12:28:54.493Z] Fetching dynamic menu via SidebarNavigationService for user: 2
[2026-04-28T12:28:54.759Z] Fetching dynamic menu via SidebarNavigationService for user: 2
[2026-04-28T12:28:55.212Z] Fetching dynamic menu via SidebarNavigationService for user: 2
[2026-04-28T12:28:55.444Z] Fetching dynamic menu via SidebarNavigationService for user: 2
[2026-04-28T12:28:55.472Z] Fetching dynamic menu via SidebarNavigationService for user: 2
[2026-04-28T12:28:55.530Z] Fetching dynamic menu via SidebarNavigationService for user: 2
[2026-04-28T12:29:04.152Z] Found 2 groups and 10 screens
[2026-04-28T12:29:04.153Z] Built 1 dynamic menu groups
[2026-04-28T12:29:04.276Z] Fetching dynamic menu via SidebarNavigationService for user: 2
[2026-04-28T12:29:04.334Z] Found 2 groups and 10 screens
[2026-04-28T12:29:04.334Z] Built 1 dynamic menu groups
[2026-04-28T12:29:04.457Z] Fetching dynamic menu via SidebarNavigationService for user: 2
[2026-04-28T12:29:04.503Z] Found 2 groups and 10 screens
[2026-04-28T12:29:04.506Z] Built 1 dynamic menu groups
[2026-04-28T12:29:04.635Z] Fetching dynamic menu via SidebarNavigationService for user: 2
[2026-04-28T12:29:04.663Z] Found 2 groups and 10 screens
[2026-04-28T12:29:04.663Z] Built 1 dynamic menu groups
[2026-04-28T12:29:04.793Z] Fetching dynamic menu via SidebarNavigationService for user: 2
[2026-04-28T12:29:04.837Z] Found 2 groups and 10 screens
[2026-04-28T12:29:04.837Z] Built 1 dynamic menu groups
[2026-04-28T12:29:08.828Z] Found 2 groups and 10 screens
[2026-04-28T12:29:08.829Z] Built 1 dynamic menu groups
[2026-04-28T12:29:08.842Z] Found 2 groups and 10 screens
[2026-04-28T12:29:08.843Z] Built 1 dynamic menu groups
[2026-04-28T12:29:13.505Z] Found 2 groups and 10 screens
[2026-04-28T12:29:13.505Z] Built 1 dynamic menu groups
[2026-04-28T12:29:13.554Z] Found 2 groups and 10 screens
[2026-04-28T12:29:13.554Z] Built 1 dynamic menu groups
[2026-04-28T12:29:20.527Z] Fetching dynamic menu via SidebarNavigationService for user: 2
[2026-04-28T12:29:20.932Z] Found 2 groups and 10 screens
[2026-04-28T12:29:20.933Z] Built 1 dynamic menu groups
[2026-04-28T12:29:21.000Z] Fetching dynamic menu via SidebarNavigationService for user: 2
[2026-04-28T12:29:21.546Z] Found 2 groups and 10 screens
[2026-04-28T12:29:21.546Z] Built 1 dynamic menu groups
[2026-04-28T12:29:21.687Z] Fetching dynamic menu via SidebarNavigationService for user: 2
[2026-04-28T12:29:21.751Z] Fetching dynamic menu via SidebarNavigationService for user: 2
[2026-04-28T12:29:21.782Z] Fetching dynamic menu via SidebarNavigationService for user: 2
[2026-04-28T12:29:21.902Z] Found 2 groups and 10 screens
[2026-04-28T12:29:21.919Z] Built 1 dynamic menu groups
[2026-04-28T12:29:22.106Z] Found 2 groups and 10 screens
[2026-04-28T12:29:22.116Z] Built 1 dynamic menu groups
[2026-04-28T12:29:22.126Z] Found 2 groups and 10 screens
[2026-04-28T12:29:22.130Z] Built 1 dynamic menu groups
[2026-04-28T12:29:22.162Z] Fetching dynamic menu via SidebarNavigationService for user: 2
[2026-04-28T12:29:22.180Z] Found 2 groups and 10 screens
[2026-04-28T12:29:22.183Z] Built 1 dynamic menu groups
[2026-04-28T12:29:22.239Z] Found 2 groups and 10 screens
[2026-04-28T12:29:22.240Z] Built 1 dynamic menu groups
[2026-04-28T12:29:22.368Z] Fetching dynamic menu via SidebarNavigationService for user: 2
[2026-04-28T12:29:22.407Z] Found 2 groups and 10 screens
[2026-04-28T12:29:22.409Z] Built 1 dynamic menu groups
[2026-04-28T12:29:22.557Z] Fetching dynamic menu via SidebarNavigationService for user: 2
[2026-04-28T12:29:22.586Z] Found 2 groups and 10 screens
[2026-04-28T12:29:22.587Z] Built 1 dynamic menu groups
[2026-04-28T12:29:22.765Z] Fetching dynamic menu via SidebarNavigationService for user: 2
[2026-04-28T12:29:22.780Z] Fetching dynamic menu via SidebarNavigationService for user: 2
[2026-04-28T12:29:22.825Z] Found 2 groups and 10 screens
[2026-04-28T12:29:22.826Z] Built 1 dynamic menu groups
[2026-04-28T12:29:22.837Z] Found 2 groups and 10 screens
[2026-04-28T12:29:22.839Z] Built 1 dynamic menu groups
[2026-04-28T12:29:35.589Z] Fetching dynamic menu via SidebarNavigationService for user: 2
[2026-04-28T12:29:35.592Z] API Error: Groups(url is not defined) Screens(url is not defined)
[2026-04-28T12:29:35.734Z] Fetching dynamic menu via SidebarNavigationService for user: 2
[2026-04-28T12:29:35.736Z] API Error: Groups(url is not defined) Screens(url is not defined)
[2026-04-28T12:29:36.080Z] Fetching dynamic menu via SidebarNavigationService for user: 2
[2026-04-28T12:29:36.083Z] API Error: Groups(url is not defined) Screens(url is not defined)
[2026-04-28T12:29:36.086Z] Fetching dynamic menu via SidebarNavigationService for user: 2
[2026-04-28T12:29:36.088Z] API Error: Groups(url is not defined) Screens(url is not defined)
[2026-04-28T12:29:36.091Z] Fetching dynamic menu via SidebarNavigationService for user: 2
[2026-04-28T12:29:36.094Z] API Error: Groups(url is not defined) Screens(url is not defined)
[2026-04-28T12:29:36.096Z] Fetching dynamic menu via SidebarNavigationService for user: 2
[2026-04-28T12:29:36.099Z] API Error: Groups(url is not defined) Screens(url is not defined)
[2026-04-28T12:29:36.267Z] Fetching dynamic menu via SidebarNavigationService for user: 2
[2026-04-28T12:29:36.270Z] API Error: Groups(url is not defined) Screens(url is not defined)
[2026-04-28T12:29:36.395Z] Fetching dynamic menu via SidebarNavigationService for user: 2
[2026-04-28T12:29:36.398Z] API Error: Groups(url is not defined) Screens(url is not defined)
[2026-04-28T12:29:36.565Z] Fetching dynamic menu via SidebarNavigationService for user: 2
[2026-04-28T12:29:36.570Z] API Error: Groups(url is not defined) Screens(url is not defined)
[2026-04-28T12:29:36.676Z] Fetching dynamic menu via SidebarNavigationService for user: 2
[2026-04-28T12:29:36.679Z] API Error: Groups(url is not defined) Screens(url is not defined)
[2026-04-28T12:29:36.770Z] Fetching dynamic menu via SidebarNavigationService for user: 2
[2026-04-28T12:29:36.873Z] API Error: Groups(url is not defined) Screens(url is not defined)
[2026-04-28T12:29:45.072Z] Fetching dynamic menu via SidebarNavigationService for user: 2
[2026-04-28T12:29:45.473Z] Found 2 groups and 10 screens
[2026-04-28T12:29:45.474Z] Built 1 dynamic menu groups
[2026-04-28T12:29:45.502Z] Fetching dynamic menu via SidebarNavigationService for user: 2
[2026-04-28T12:29:45.863Z] Found 2 groups and 10 screens
[2026-04-28T12:29:45.863Z] Built 1 dynamic menu groups
[2026-04-28T12:29:45.923Z] Fetching dynamic menu via SidebarNavigationService for user: 2
[2026-04-28T12:29:46.098Z] Fetching dynamic menu via SidebarNavigationService for user: 2
[2026-04-28T12:29:46.173Z] Fetching dynamic menu via SidebarNavigationService for user: 2
[2026-04-28T12:29:46.243Z] Found 2 groups and 10 screens
[2026-04-28T12:29:46.264Z] Built 1 dynamic menu groups
[2026-04-28T12:29:46.297Z] Fetching dynamic menu via SidebarNavigationService for user: 2
[2026-04-28T12:29:46.403Z] Found 2 groups and 10 screens
[2026-04-28T12:29:46.404Z] Built 1 dynamic menu groups
[2026-04-28T12:29:46.451Z] Found 2 groups and 10 screens
[2026-04-28T12:29:46.451Z] Built 1 dynamic menu groups
[2026-04-28T12:29:46.462Z] Found 2 groups and 10 screens
[2026-04-28T12:29:46.462Z] Built 1 dynamic menu groups
[2026-04-28T12:29:46.599Z] Fetching dynamic menu via SidebarNavigationService for user: 2
[2026-04-28T12:29:46.661Z] Found 2 groups and 10 screens
[2026-04-28T12:29:46.664Z] Built 1 dynamic menu groups
[2026-04-28T12:29:46.760Z] Fetching dynamic menu via SidebarNavigationService for user: 2
[2026-04-28T12:29:47.000Z] Found 2 groups and 10 screens
[2026-04-28T12:29:47.001Z] Built 1 dynamic menu groups
[2026-04-28T12:29:47.012Z] Fetching dynamic menu via SidebarNavigationService for user: 2
[2026-04-28T12:29:47.022Z] Fetching dynamic menu via SidebarNavigationService for user: 2
[2026-04-28T12:29:47.073Z] Found 2 groups and 10 screens
[2026-04-28T12:29:47.082Z] Built 1 dynamic menu groups
[2026-04-28T12:29:47.098Z] Fetching dynamic menu via SidebarNavigationService for user: 2
[2026-04-28T12:29:47.125Z] Found 2 groups and 10 screens
[2026-04-28T12:29:47.128Z] Built 1 dynamic menu groups
[2026-04-28T12:29:47.155Z] Found 2 groups and 10 screens
[2026-04-28T12:29:47.157Z] Built 1 dynamic menu groups
[2026-04-28T12:29:59.270Z] Fetching dynamic menu via SidebarNavigationService for user: 2
[2026-04-28T12:29:59.496Z] Found 2 groups and 10 screens
[2026-04-28T12:29:59.496Z] Active groups: Masters
[2026-04-28T12:29:59.498Z] Group "Masters" has 2 menu screens
[2026-04-28T12:29:59.500Z] Final menu built with 1 groups
[2026-04-28T12:29:59.525Z] Fetching dynamic menu via SidebarNavigationService for user: 2
[2026-04-28T12:29:59.570Z] Found 2 groups and 10 screens
[2026-04-28T12:29:59.570Z] Active groups: Masters
[2026-04-28T12:29:59.579Z] Group "Masters" has 2 menu screens
[2026-04-28T12:29:59.581Z] Final menu built with 1 groups
[2026-04-28T12:29:59.845Z] Fetching dynamic menu via SidebarNavigationService for user: 2
[2026-04-28T12:29:59.870Z] Fetching dynamic menu via SidebarNavigationService for user: 2
[2026-04-28T12:29:59.902Z] Fetching dynamic menu via SidebarNavigationService for user: 2
[2026-04-28T12:29:59.939Z] Found 2 groups and 10 screens
[2026-04-28T12:29:59.952Z] Active groups: Masters
[2026-04-28T12:29:59.954Z] Group "Masters" has 2 menu screens
[2026-04-28T12:29:59.962Z] Final menu built with 1 groups
[2026-04-28T12:30:00.276Z] Found 2 groups and 10 screens
[2026-04-28T12:30:00.277Z] Active groups: Masters
[2026-04-28T12:30:00.287Z] Group "Masters" has 2 menu screens
[2026-04-28T12:30:00.297Z] Final menu built with 1 groups
[2026-04-28T12:30:00.307Z] Found 2 groups and 10 screens
[2026-04-28T12:30:00.308Z] Active groups: Masters
[2026-04-28T12:30:00.310Z] Group "Masters" has 2 menu screens
[2026-04-28T12:30:00.312Z] Final menu built with 1 groups
[2026-04-28T12:30:16.855Z] Fetching dynamic menu via SidebarNavigationService for user: 2
[2026-04-28T12:30:17.287Z] RAW DATA: Found 2 groups and 10 screens
[2026-04-28T12:30:17.287Z] Group: ID=1, Name=Masters, Active=true
[2026-04-28T12:30:17.293Z] Group: ID=2, Name=Configuration Setting, Active=false
[2026-04-28T12:30:17.295Z] Screen: ID=1, Name=Data Analytics, GroupId=1, Active=true, IsMenu=true, Path=proprtytax/departmentmaster
[2026-04-28T12:30:17.297Z] Screen: ID=2, Name=Search Property, GroupId=2, Active=true, IsMenu=true, Path=/bank-master
[2026-04-28T12:30:17.299Z] Screen: ID=3, Name=PTIS, GroupId=2, Active=true, IsMenu=true, Path=/screen-access
[2026-04-28T12:30:17.301Z] Screen: ID=4, Name=Report Engine, GroupId=2, Active=true, IsMenu=true, Path=/office-master
[2026-04-28T12:30:17.302Z] Screen: ID=5, Name=GIS, GroupId=2, Active=true, IsMenu=true, Path=/ulb-configuration
[2026-04-28T12:30:17.304Z] Screen: ID=6, Name=Master, GroupId=2, Active=true, IsMenu=true, Path=/financial-year-master
[2026-04-28T12:30:17.305Z] Screen: ID=7, Name=User Management, GroupId=2, Active=true, IsMenu=true, Path=/payment-mode-master
[2026-04-28T12:30:17.307Z] Screen: ID=8, Name=test, GroupId=1, Active=false, IsMenu=true, Path=/test
[2026-04-28T12:30:17.309Z] Screen: ID=1008, Name=Screen Name 101, GroupId=2, Active=true, IsMenu=true, Path=/scr-101
[2026-04-28T12:30:17.311Z] Screen: ID=1009, Name=test1, GroupId=1, Active=true, IsMenu=true, Path=/tst1
[2026-04-28T12:30:17.313Z] Group "Masters" has 2 valid screens
[2026-04-28T12:30:17.314Z] Final menu built with 1 groups
[2026-04-28T12:30:17.356Z] Fetching dynamic menu via SidebarNavigationService for user: 2
[2026-04-28T12:30:17.649Z] RAW DATA: Found 2 groups and 10 screens
[2026-04-28T12:30:17.650Z] Group: ID=1, Name=Masters, Active=true
[2026-04-28T12:30:17.652Z] Group: ID=2, Name=Configuration Setting, Active=false
[2026-04-28T12:30:17.654Z] Screen: ID=1, Name=Data Analytics, GroupId=1, Active=true, IsMenu=true, Path=proprtytax/departmentmaster
[2026-04-28T12:30:17.656Z] Screen: ID=2, Name=Search Property, GroupId=2, Active=true, IsMenu=true, Path=/bank-master
[2026-04-28T12:30:17.660Z] Screen: ID=3, Name=PTIS, GroupId=2, Active=true, IsMenu=true, Path=/screen-access
[2026-04-28T12:30:17.663Z] Screen: ID=4, Name=Report Engine, GroupId=2, Active=true, IsMenu=true, Path=/office-master
[2026-04-28T12:30:17.665Z] Screen: ID=5, Name=GIS, GroupId=2, Active=true, IsMenu=true, Path=/ulb-configuration
[2026-04-28T12:30:17.668Z] Screen: ID=6, Name=Master, GroupId=2, Active=true, IsMenu=true, Path=/financial-year-master
[2026-04-28T12:30:17.669Z] Screen: ID=7, Name=User Management, GroupId=2, Active=true, IsMenu=true, Path=/payment-mode-master
[2026-04-28T12:30:17.671Z] Screen: ID=8, Name=test, GroupId=1, Active=false, IsMenu=true, Path=/test
[2026-04-28T12:30:17.673Z] Screen: ID=1008, Name=Screen Name 101, GroupId=2, Active=true, IsMenu=true, Path=/scr-101
[2026-04-28T12:30:17.681Z] Screen: ID=1009, Name=test1, GroupId=1, Active=true, IsMenu=true, Path=/tst1
[2026-04-28T12:30:17.683Z] Group "Masters" has 2 valid screens
[2026-04-28T12:30:17.685Z] Final menu built with 1 groups
[2026-04-28T12:30:17.699Z] Fetching dynamic menu via SidebarNavigationService for user: 2
[2026-04-28T12:30:17.755Z] Fetching dynamic menu via SidebarNavigationService for user: 2
[2026-04-28T12:30:18.004Z] Fetching dynamic menu via SidebarNavigationService for user: 2
[2026-04-28T12:30:18.097Z] RAW DATA: Found 2 groups and 10 screens
[2026-04-28T12:30:18.100Z] Group: ID=1, Name=Masters, Active=true
[2026-04-28T12:30:18.102Z] Group: ID=2, Name=Configuration Setting, Active=false
[2026-04-28T12:30:18.104Z] Screen: ID=1, Name=Data Analytics, GroupId=1, Active=true, IsMenu=true, Path=proprtytax/departmentmaster
[2026-04-28T12:30:18.106Z] Screen: ID=2, Name=Search Property, GroupId=2, Active=true, IsMenu=true, Path=/bank-master
[2026-04-28T12:30:18.111Z] Screen: ID=3, Name=PTIS, GroupId=2, Active=true, IsMenu=true, Path=/screen-access
[2026-04-28T12:30:18.115Z] Screen: ID=4, Name=Report Engine, GroupId=2, Active=true, IsMenu=true, Path=/office-master
[2026-04-28T12:30:18.119Z] Screen: ID=5, Name=GIS, GroupId=2, Active=true, IsMenu=true, Path=/ulb-configuration
[2026-04-28T12:30:18.121Z] Screen: ID=6, Name=Master, GroupId=2, Active=true, IsMenu=true, Path=/financial-year-master
[2026-04-28T12:30:18.123Z] Screen: ID=7, Name=User Management, GroupId=2, Active=true, IsMenu=true, Path=/payment-mode-master
[2026-04-28T12:30:18.128Z] Screen: ID=8, Name=test, GroupId=1, Active=false, IsMenu=true, Path=/test
[2026-04-28T12:30:18.135Z] Screen: ID=1008, Name=Screen Name 101, GroupId=2, Active=true, IsMenu=true, Path=/scr-101
[2026-04-28T12:30:18.138Z] Screen: ID=1009, Name=test1, GroupId=1, Active=true, IsMenu=true, Path=/tst1
[2026-04-28T12:30:18.140Z] Group "Masters" has 2 valid screens
[2026-04-28T12:30:18.144Z] Final menu built with 1 groups
[2026-04-28T12:30:18.272Z] RAW DATA: Found 2 groups and 10 screens
[2026-04-28T12:30:18.272Z] Group: ID=1, Name=Masters, Active=true
[2026-04-28T12:30:18.274Z] Group: ID=2, Name=Configuration Setting, Active=false
[2026-04-28T12:30:18.279Z] Screen: ID=1, Name=Data Analytics, GroupId=1, Active=true, IsMenu=true, Path=proprtytax/departmentmaster
[2026-04-28T12:30:18.281Z] Screen: ID=2, Name=Search Property, GroupId=2, Active=true, IsMenu=true, Path=/bank-master
[2026-04-28T12:30:18.283Z] Screen: ID=3, Name=PTIS, GroupId=2, Active=true, IsMenu=true, Path=/screen-access
[2026-04-28T12:30:18.285Z] Screen: ID=4, Name=Report Engine, GroupId=2, Active=true, IsMenu=true, Path=/office-master
[2026-04-28T12:30:18.287Z] Screen: ID=5, Name=GIS, GroupId=2, Active=true, IsMenu=true, Path=/ulb-configuration
[2026-04-28T12:30:18.289Z] Screen: ID=6, Name=Master, GroupId=2, Active=true, IsMenu=true, Path=/financial-year-master
[2026-04-28T12:30:18.291Z] Screen: ID=7, Name=User Management, GroupId=2, Active=true, IsMenu=true, Path=/payment-mode-master
[2026-04-28T12:30:18.295Z] Screen: ID=8, Name=test, GroupId=1, Active=false, IsMenu=true, Path=/test
[2026-04-28T12:30:18.296Z] Screen: ID=1008, Name=Screen Name 101, GroupId=2, Active=true, IsMenu=true, Path=/scr-101
[2026-04-28T12:30:18.299Z] Screen: ID=1009, Name=test1, GroupId=1, Active=true, IsMenu=true, Path=/tst1
[2026-04-28T12:30:18.301Z] Group "Masters" has 2 valid screens
[2026-04-28T12:30:18.303Z] Final menu built with 1 groups
[2026-04-28T12:30:18.319Z] RAW DATA: Found 2 groups and 10 screens
[2026-04-28T12:30:18.320Z] Group: ID=1, Name=Masters, Active=true
[2026-04-28T12:30:18.321Z] Group: ID=2, Name=Configuration Setting, Active=false
[2026-04-28T12:30:18.323Z] Screen: ID=1, Name=Data Analytics, GroupId=1, Active=true, IsMenu=true, Path=proprtytax/departmentmaster
[2026-04-28T12:30:18.325Z] Screen: ID=2, Name=Search Property, GroupId=2, Active=true, IsMenu=true, Path=/bank-master
[2026-04-28T12:30:18.327Z] Screen: ID=3, Name=PTIS, GroupId=2, Active=true, IsMenu=true, Path=/screen-access
[2026-04-28T12:30:18.329Z] Screen: ID=4, Name=Report Engine, GroupId=2, Active=true, IsMenu=true, Path=/office-master
[2026-04-28T12:30:18.331Z] Screen: ID=5, Name=GIS, GroupId=2, Active=true, IsMenu=true, Path=/ulb-configuration
[2026-04-28T12:30:18.333Z] Screen: ID=6, Name=Master, GroupId=2, Active=true, IsMenu=true, Path=/financial-year-master
[2026-04-28T12:30:18.334Z] Screen: ID=7, Name=User Management, GroupId=2, Active=true, IsMenu=true, Path=/payment-mode-master
[2026-04-28T12:30:18.336Z] Screen: ID=8, Name=test, GroupId=1, Active=false, IsMenu=true, Path=/test
[2026-04-28T12:30:18.338Z] Screen: ID=1008, Name=Screen Name 101, GroupId=2, Active=true, IsMenu=true, Path=/scr-101
[2026-04-28T12:30:18.339Z] Screen: ID=1009, Name=test1, GroupId=1, Active=true, IsMenu=true, Path=/tst1
[2026-04-28T12:30:18.342Z] Group "Masters" has 2 valid screens
[2026-04-28T12:30:18.344Z] Final menu built with 1 groups
